\BOOKMARK [0][-]{chapter*.2}{\376\377\000L\000i\000s\000t\000e\000\040\000d\000e\000s\000\040\000F\000i\000g\000u\000r\000e\000s}{}% 1
\BOOKMARK [0][-]{chapter*.3}{\376\377\000I\000n\000t\000r\000o\000d\000u\000c\000t\000i\000o\000n}{}% 2
\BOOKMARK [0][-]{chapter.1}{\376\377\000P\000r\000\351\000s\000e\000n\000t\000a\000t\000i\000o\000n\000\040\000d\000e\000\040\000l\000'\000e\000n\000t\000r\000e\000p\000r\000i\000s\000e}{}% 3
\BOOKMARK [1][-]{section.1.1}{\376\377\000P\000r\000\351\000s\000e\000n\000t\000a\000t\000i\000o\000n\000\040\000d\000u\000\040\000c\000e\000n\000t\000r\000e\000\040\000d\000e\000\040\000r\000e\000c\000h\000e\000r\000c\000h\000e}{chapter.1}% 4
\BOOKMARK [2][-]{subsection.1.1.1}{\376\377\000I\000n\000r\000i\000a\000\040\000:\000\040\000m\000\351\000t\000i\000e\000r\000s\000\040\000e\000t\000\040\000c\000h\000i\000f\000f\000r\000e\000s\000\040\000c\000l\000\351\000s\000.}{section.1.1}% 5
\BOOKMARK [2][-]{subsection.1.1.2}{\376\377\000L\000e\000\040\000s\000e\000r\000v\000i\000c\000e\000\040\000d\000e\000\040\000l\040\031\000a\000p\000p\000r\000e\000n\000t\000i\000\040\000:\000\040\000M\000i\000s\000s\000i\000o\000n\000\040\000D\000\351\000f\000e\000n\000s\000e\000\040\000e\000t\000\040\000S\000\351\000c\000u\000r\000i\000t\000\351}{section.1.1}% 6
\BOOKMARK [1][-]{section.1.2}{\376\377\000P\000r\000i\000n\000c\000i\000p\000a\000l\000e\000s\000\040\000a\000c\000t\000i\000v\000i\000t\000\351\000s}{chapter.1}% 7
\BOOKMARK [0][-]{chapter.2}{\376\377\000P\000r\000\351\000s\000e\000n\000t\000a\000t\000i\000o\000n\000\040\000d\000e\000s\000\040\000p\000r\000o\000j\000e\000t\000s\000\040\000-\000\040\000A\000n\000a\000l\000y\000s\000e\000\040\000-\000\040\000R\000\351\000s\000u\000l\000t\000a\000t\000s\000\040\000o\000b\000t\000e\000n\000u\000s}{}% 8
\BOOKMARK [1][-]{section.2.1}{\376\377\000P\000r\000o\000j\000e\000t\000\040\000I\000n\000t\000e\000l\000L\000a\000b\000\040\000:\000\040\000A\000p\000p\000l\000i\000c\000a\000t\000i\000o\000n\000\040\000W\000e\000b}{chapter.2}% 9
\BOOKMARK [2][-]{subsection.2.1.1}{\376\377\000C\000o\000n\000t\000e\000x\000t\000e\000\040\000d\000u\000\040\000p\000r\000o\000j\000e\000t}{section.2.1}% 10
\BOOKMARK [2][-]{subsection.2.1.2}{\376\377\000M\000o\000y\000e\000n\000s\000\040\000m\000i\000s\000\040\000\340\000\040\000l\000a\000\040\000d\000i\000s\000p\000o\000s\000i\000t\000i\000o\000n\000\040\000d\000e\000s\000\040\000\351\000q\000u\000i\000p\000e\000s\000\040\000d\000e\000\040\000d\000\351\000v\000e\000l\000o\000p\000p\000e\000m\000e\000n\000t}{section.2.1}% 11
\BOOKMARK [2][-]{subsection.2.1.3}{\376\377\000O\000u\000t\000i\000l\000s\000\040\000d\000e\000\040\000g\000e\000s\000t\000i\000o\000n\000\040\000d\000e\000\040\000p\000r\000o\000j\000e\000t}{section.2.1}% 12
\BOOKMARK [2][-]{subsection.2.1.4}{\376\377\000R\000\351\000a\000l\000i\000s\000a\000t\000i\000o\000n\000\040\000d\000u\000\040\000p\000r\000o\000j\000e\000t}{section.2.1}% 13
\BOOKMARK [2][-]{subsection.2.1.5}{\376\377\000S\000t\000r\000a\000t\000\351\000g\000i\000e\000\040\000d\000e\000\040\000t\000e\000s\000t\000s}{section.2.1}% 14
\BOOKMARK [1][-]{section.2.2}{\376\377\000P\000r\000o\000j\000e\000t\000\040\000I\000n\000t\000e\000l\000L\000a\000b\000\040\000:\000\040\000S\000e\000r\000v\000e\000u\000r\000\040\000d\000e\000\040\000m\000e\000s\000s\000a\000g\000e\000r\000i\000e}{chapter.2}% 15
\BOOKMARK [2][-]{subsection.2.2.1}{\376\377\000C\000o\000n\000t\000e\000x\000t\000e\000\040\000d\000u\000\040\000p\000r\000o\000j\000e\000t}{section.2.2}% 16
\BOOKMARK [2][-]{subsection.2.2.2}{\376\377\000O\000u\000t\000i\000l\000s\000\040\000d\000e\000\040\000g\000e\000s\000t\000i\000o\000n\000\040\000d\000e\000\040\000p\000r\000o\000j\000e\000t}{section.2.2}% 17
\BOOKMARK [1][-]{section.2.3}{\376\377\000P\000r\000o\000j\000e\000t\000\040\000D\000\351\000t\000e\000c\000t\000i\000o\000n\000\040\000e\000t\000\040\000r\000e\000c\000o\000n\000n\000a\000i\000s\000s\000a\000n\000c\000e\000\040\000d\000e\000\040\000v\000\351\000h\000i\000c\000u\000l\000e\000s\000\040\000m\000i\000l\000i\000t\000a\000i\000r\000e\000s\000\040\000s\000u\000r\000\040\000d\000e\000s\000\040\000i\000m\000a\000g\000e\000s\000\040\000e\000t\000\040\000v\000i\000d\000\351\000o\000s\000\040\000\050\000D\000e\000t\000R\000e\000c\000o\000\051}{chapter.2}% 18
\BOOKMARK [2][-]{subsection.2.3.1}{\376\377\000C\000o\000n\000t\000e\000x\000t\000\040\000d\000u\000\040\000p\000r\000o\000j\000e\000t\000\040\000D\000e\000t\000R\000e\000c\000o}{section.2.3}% 19
\BOOKMARK [1][-]{section.2.4}{\376\377\000A\000n\000a\000l\000y\000s\000e}{chapter.2}% 20
\BOOKMARK [1][-]{section.2.5}{\376\377\000R\000\351\000s\000u\000l\000t\000a\000t\000s\000\040\000o\000b\000t\000e\000n\000u\000s}{chapter.2}% 21
\BOOKMARK [0][-]{chapter*.4}{\376\377\000C\000o\000n\000c\000l\000u\000s\000i\000o\000n}{}% 22
\BOOKMARK [0][-]{chapter*.4}{\376\377\000A\000n\000n\000e\000x\000e\000s}{}% 23
\BOOKMARK [0][-]{appendix.A}{\376\377\000C\000o\000d\000e\000\040\000R\000\040\000p\000o\000u\000r\000\040\000r\000\351\000s\000o\000u\000d\000r\000e\000\040\000l\000a\000\040\000p\000r\000o\000b\000l\000\351\000m\000a\000t\000i\000q\000u\000e}{}% 24
\BOOKMARK [1][-]{section.A.1}{\376\377\000P\000r\000\351\000-\000t\000r\000a\000i\000t\000e\000m\000e\000n\000t\000\040\000d\000e\000s\000\040\000d\000o\000n\000n\000\351\000e\000s}{appendix.A}% 25
\BOOKMARK [1][-]{section.A.2}{\376\377\000C\000o\000d\000e\000\040\000R\000\040\000p\000o\000u\000r\000\040\000l\000e\000s\000\040\000m\000o\000d\000\350\000l\000e\000s}{appendix.A}% 26
\BOOKMARK [1][-]{section.A.3}{\376\377\000L\000i\000b\000r\000a\000i\000r\000i\000e\000s\000\040\000u\000t\000i\000l\000i\000s\000\351\000e\000s}{appendix.A}% 27
